[2024-06-27 00:01:42,723: INFO/MainProcess] Task tasks.call_external_api_celery[dd0e9729-2910-4fc8-888b-8f2c655fe63b] received
[2024-06-27 00:01:43,727: INFO/ForkPoolWorker-2] Received b'Hello, world' from external api
[2024-06-27 00:01:43,728: INFO/ForkPoolWorker-2] Task tasks.call_external_api_celery[dd0e9729-2910-4fc8-888b-8f2c655fe63b] succeeded in 1.005139999999983s: None
[2024-06-27 00:01:48,614: INFO/MainProcess] Task tasks.call_external_api_celery[8948b805-b683-4ed0-a633-85498c1db0df] received
[2024-06-27 00:01:49,620: INFO/ForkPoolWorker-2] Received b'Hello, world' from external api
[2024-06-27 00:01:49,622: INFO/ForkPoolWorker-2] Task tasks.call_external_api_celery[8948b805-b683-4ed0-a633-85498c1db0df] succeeded in 1.0077578749999816s: None
[2024-06-27 00:01:51,531: INFO/MainProcess] Task tasks.call_external_api_celery[6d7820d9-6121-4bbb-8347-64ba90f69a2e] received
[2024-06-27 00:01:52,539: INFO/ForkPoolWorker-2] Received b'Hello, world' from external api
[2024-06-27 00:01:52,541: INFO/ForkPoolWorker-2] Task tasks.call_external_api_celery[6d7820d9-6121-4bbb-8347-64ba90f69a2e] succeeded in 1.0091877080000131s: None
[2024-06-27 00:01:54,115: INFO/MainProcess] Task tasks.call_external_api_celery[39c7fb39-8528-4472-ac13-48912ed4173c] received
[2024-06-27 00:01:55,123: INFO/ForkPoolWorker-2] Received b'Hello, world' from external api
[2024-06-27 00:01:55,126: INFO/ForkPoolWorker-2] Task tasks.call_external_api_celery[39c7fb39-8528-4472-ac13-48912ed4173c] succeeded in 1.0098024590000136s: None
[2024-06-27 00:02:01,578: INFO/MainProcess] Task tasks.call_external_api_celery[798da224-bfa0-49ad-a405-9c5492b05547] received
[2024-06-27 00:02:02,585: INFO/ForkPoolWorker-2] Received b'Hello, world' from external api
[2024-06-27 00:02:02,587: INFO/ForkPoolWorker-2] Task tasks.call_external_api_celery[798da224-bfa0-49ad-a405-9c5492b05547] succeeded in 1.007618124999965s: None
[2024-06-27 00:02:03,456: INFO/MainProcess] Task tasks.call_external_api_celery[69f345dc-160d-46de-b41a-e57da1b4e9fd] received
[2024-06-27 00:02:04,463: INFO/ForkPoolWorker-2] Received b'Hello, world' from external api
[2024-06-27 00:02:04,466: INFO/ForkPoolWorker-2] Task tasks.call_external_api_celery[69f345dc-160d-46de-b41a-e57da1b4e9fd] succeeded in 1.0084999580000158s: None
[2024-06-27 00:02:08,289: INFO/MainProcess] Task tasks.call_external_api_celery[228bb2b3-19a2-4d32-b2b1-b22ef75d8745] received
[2024-06-27 00:02:09,295: INFO/ForkPoolWorker-2] Received b'Hello, world' from external api
[2024-06-27 00:02:09,297: INFO/ForkPoolWorker-2] Task tasks.call_external_api_celery[228bb2b3-19a2-4d32-b2b1-b22ef75d8745] succeeded in 1.007901707999963s: None
[2024-06-27 00:02:10,395: INFO/MainProcess] Task tasks.call_external_api_celery[d905915f-237f-47be-80a7-971365e4d998] received
[2024-06-27 00:02:11,401: INFO/ForkPoolWorker-2] Received b'Hello, world' from external api
[2024-06-27 00:02:11,404: INFO/ForkPoolWorker-2] Task tasks.call_external_api_celery[d905915f-237f-47be-80a7-971365e4d998] succeeded in 1.0081425409999838s: None
[2024-06-27 00:02:15,279: INFO/MainProcess] Task tasks.call_external_api_celery[adced905-4df2-4815-be92-b2fc1a9534ea] received
[2024-06-27 00:02:16,285: INFO/ForkPoolWorker-2] Received b'Hello, world' from external api
[2024-06-27 00:02:16,287: INFO/ForkPoolWorker-2] Task tasks.call_external_api_celery[adced905-4df2-4815-be92-b2fc1a9534ea] succeeded in 1.0076199580000207s: None
[2024-06-27 00:02:30,835: INFO/MainProcess] Task tasks.call_external_api_celery[38049cab-d2e3-4408-bfb4-ff2b91a4fbab] received
[2024-06-27 00:02:31,840: INFO/ForkPoolWorker-2] Received b'Hello, world' from external api
[2024-06-27 00:02:31,841: INFO/ForkPoolWorker-2] Task tasks.call_external_api_celery[38049cab-d2e3-4408-bfb4-ff2b91a4fbab] succeeded in 1.0061327080000524s: None
[2024-06-27 00:02:36,919: INFO/MainProcess] Task tasks.call_external_api_celery[fcb7f155-7253-4d0d-9bde-1aebaefd6788] received
[2024-06-27 00:02:37,925: INFO/ForkPoolWorker-2] Received b'Hello, world' from external api
[2024-06-27 00:02:37,928: INFO/ForkPoolWorker-2] Task tasks.call_external_api_celery[fcb7f155-7253-4d0d-9bde-1aebaefd6788] succeeded in 1.0080113749999668s: None
[2024-06-27 00:02:39,389: INFO/MainProcess] Task tasks.call_external_api_celery[248933dc-af8b-468f-830c-d63f0a7d7b2b] received
[2024-06-27 00:02:40,395: INFO/ForkPoolWorker-2] Received b'Hello, world' from external api
[2024-06-27 00:02:40,396: INFO/ForkPoolWorker-2] Task tasks.call_external_api_celery[248933dc-af8b-468f-830c-d63f0a7d7b2b] succeeded in 1.0060068750000255s: None
[2024-06-27 00:02:41,383: INFO/MainProcess] Task tasks.call_external_api_celery[1ca57f2d-d181-43b8-be93-76ffefbf5d8d] received
[2024-06-27 00:02:42,389: INFO/ForkPoolWorker-2] Received b'Hello, world' from external api
[2024-06-27 00:02:42,391: INFO/ForkPoolWorker-2] Task tasks.call_external_api_celery[1ca57f2d-d181-43b8-be93-76ffefbf5d8d] succeeded in 1.007660250000015s: None
[2024-06-27 00:02:49,435: INFO/MainProcess] Task tasks.call_external_api_celery[dce76592-b790-4db7-afca-8a68f60c695b] received
[2024-06-27 00:02:50,442: INFO/ForkPoolWorker-2] Received b'Hello, world' from external api
[2024-06-27 00:02:50,443: INFO/ForkPoolWorker-2] Task tasks.call_external_api_celery[dce76592-b790-4db7-afca-8a68f60c695b] succeeded in 1.0078415000000405s: None
[2024-06-27 00:02:51,391: INFO/MainProcess] Task tasks.call_external_api_celery[163e273c-aaba-4c54-8837-b4f5d86ecba5] received
[2024-06-27 00:02:52,397: INFO/ForkPoolWorker-2] Received b'Hello, world' from external api
[2024-06-27 00:02:52,400: INFO/ForkPoolWorker-2] Task tasks.call_external_api_celery[163e273c-aaba-4c54-8837-b4f5d86ecba5] succeeded in 1.0083204580000142s: None
